<?xml version="1.0" encoding="UTF-8"?>
<!-- Generated by org.testng.reporters.JUnitReportReporter -->
<testsuite hostname="4DCHND758" failures="0" tests="1" name="hrms.Separation" time="32.275" errors="0" timestamp="2023-04-04T10:35:13 EDT" skipped="0">
  <testcase classname="hrms.Separation" name="separation" time="32.275"/>
  <system-out/>
</testsuite> <!-- hrms.Separation -->
