<?xml version="1.0" encoding="UTF-8"?>
<!-- Generated by org.testng.reporters.JUnitReportReporter -->
<testsuite hostname="4DCHND758" failures="0" tests="1" name="hrms.Policies" time="28.439" errors="0" timestamp="2023-04-04T06:21:43 EDT" skipped="0">
  <testcase classname="hrms.Policies" name="verifypolicy" time="28.439"/>
  <system-out/>
</testsuite> <!-- hrms.Policies -->
