<?xml version="1.0" encoding="UTF-8"?>
<!-- Generated by org.testng.reporters.JUnitReportReporter -->
<testsuite hostname="4DCHND758" failures="0" tests="1" name="hrms.Test" time="5.010" errors="0" timestamp="2023-06-16T06:01:42 EDT" skipped="0">
  <testcase classname="hrms.Test" name="google" time="5.010"/>
  <system-out/>
</testsuite> <!-- hrms.Test -->
